# JRE version: 7.0_04-b20
# Java VM: Java HotSpot(TM) 64-Bit Server VM (23.0-b21 mixed mode linux-amd64 compressed oops)
Heap
 PSYoungGen      total 28864K, used 14452K [0x00000000faab0000, 0x00000000fe850000, 0x0000000100000000)
  eden space 22528K, 36% used [0x00000000faab0000,0x00000000fb29faf8,0x00000000fc0b0000)
  from space 6336K, 99% used [0x00000000fc0b0000,0x00000000fc6dd6d8,0x00000000fc6e0000)
  to   space 9024K, 0% used [0x00000000fdf80000,0x00000000fdf80000,0x00000000fe850000)
 ParOldGen       total 30016K, used 17741K [0x00000000f0000000, 0x00000000f1d50000, 0x00000000faab0000)
  object space 30016K, 59% used [0x00000000f0000000,0x00000000f1153750,0x00000000f1d50000)
 PSPermGen       total 21248K, used 17063K [0x00000000eae00000, 0x00000000ec2c0000, 0x00000000f0000000)
  object space 21248K, 80% used [0x00000000eae00000,0x00000000ebea9cf8,0x00000000ec2c0000)
GC Heap History (10 events):
Event: 18.156 GC heap before
{Heap before GC invocations=3 (full 0):
 PSYoungGen      total 13120K, used 13093K [0x00000000faab0000, 0x00000000fb950000, 0x0000000100000000)
  eden space 11264K, 100% used [0x00000000faab0000,0x00000000fb5b0000,0x00000000fb5b0000)
  from space 1856K, 98% used [0x00000000fb780000,0x00000000fb949558,0x00000000fb950000)
  to   space 1856K, 0% used [0x00000000fb5b0000,0x00000000fb5b0000,0x00000000fb780000)
 ParOldGen       total 30016K, used 3884K [0x00000000f0000000, 0x00000000f1d50000, 0x00000000faab0000)
  object space 30016K, 12% used [0x00000000f0000000,0x00000000f03cb018,0x00000000f1d50000)
 PSPermGen       total 21248K, used 16945K [0x00000000eae00000, 0x00000000ec2c0000, 0x00000000f0000000)
  object space 21248K, 79% used [0x00000000eae00000,0x00000000ebe8c7e8,0x00000000ec2c0000)
Event: 18.178 GC heap after
Heap after GC invocations=3 (full 0):
 PSYoungGen      total 13120K, used 1841K [0x00000000faab0000, 0x00000000fb950000, 0x0000000100000000)
  eden space 11264K, 0% used [0x00000000faab0000,0x00000000faab0000,0x00000000fb5b0000)
  from space 1856K, 99% used [0x00000000fb5b0000,0x00000000fb77c610,0x00000000fb780000)
  to   space 1856K, 0% used [0x00000000fb780000,0x00000000fb780000,0x00000000fb950000)
 ParOldGen       total 30016K, used 6509K [0x00000000f0000000, 0x00000000f1d50000, 0x00000000faab0000)
  object space 30016K, 21% used [0x00000000f0000000,0x00000000f065b690,0x00000000f1d50000)
 PSPermGen       total 21248K, used 16945K [0x00000000eae00000, 0x00000000ec2c0000, 0x00000000f0000000)
  object space 21248K, 79% used [0x00000000eae00000,0x00000000ebe8c7e8,0x00000000ec2c0000)
}
Event: 19.074 GC heap before
{Heap before GC invocations=4 (full 0):
 PSYoungGen      total 13120K, used 13102K [0x00000000faab0000, 0x00000000fb950000, 0x0000000100000000)
  eden space 11264K, 99% used [0x00000000faab0000,0x00000000fb5af568,0x00000000fb5b0000)
  from space 1856K, 99% used [0x00000000fb5b0000,0x00000000fb77c610,0x00000000fb780000)
  to   space 1856K, 0% used [0x00000000fb780000,0x00000000fb780000,0x00000000fb950000)
 ParOldGen       total 30016K, used 6509K [0x00000000f0000000, 0x00000000f1d50000, 0x00000000faab0000)
  object space 30016K, 21% used [0x00000000f0000000,0x00000000f065b690,0x00000000f1d50000)
 PSPermGen       total 21248K, used 16985K [0x00000000eae00000, 0x00000000ec2c0000, 0x00000000f0000000)
  object space 21248K, 79% used [0x00000000eae00000,0x00000000ebe96508,0x00000000ec2c0000)
Event: 19.094 GC heap after
Heap after GC invocations=4 (full 0):
 PSYoungGen      total 13120K, used 1834K [0x00000000faab0000, 0x00000000fb950000, 0x0000000100000000)
  eden space 11264K, 0% used [0x00000000faab0000,0x00000000faab0000,0x00000000fb5b0000)
  from space 1856K, 98% used [0x00000000fb780000,0x00000000fb94a9d8,0x00000000fb950000)
  to   space 1856K, 0% used [0x00000000fb5b0000,0x00000000fb5b0000,0x00000000fb780000)
 ParOldGen       total 30016K, used 10197K [0x00000000f0000000, 0x00000000f1d50000, 0x00000000faab0000)
  object space 30016K, 33% used [0x00000000f0000000,0x00000000f09f5438,0x00000000f1d50000)
 PSPermGen       total 21248K, used 16985K [0x00000000eae00000, 0x00000000ec2c0000, 0x00000000f0000000)
  object space 21248K, 79% used [0x00000000eae00000,0x00000000ebe96508,0x00000000ec2c0000)
}
Event: 19.726 GC heap before
{Heap before GC invocations=5 (full 0):
 PSYoungGen      total 13120K, used 13098K [0x00000000faab0000, 0x00000000fb950000, 0x0000000100000000)
  eden space 11264K, 100% used [0x00000000faab0000,0x00000000fb5b0000,0x00000000fb5b0000)
  from space 1856K, 98% used [0x00000000fb780000,0x00000000fb94a9d8,0x00000000fb950000)
  to   space 1856K, 0% used [0x00000000fb5b0000,0x00000000fb5b0000,0x00000000fb780000)
 ParOldGen       total 30016K, used 10197K [0x00000000f0000000, 0x00000000f1d50000, 0x00000000faab0000)
  object space 30016K, 33% used [0x00000000f0000000,0x00000000f09f5438,0x00000000f1d50000)
 PSPermGen       total 21248K, used 17004K [0x00000000eae00000, 0x00000000ec2c0000, 0x00000000f0000000)
  object space 21248K, 80% used [0x00000000eae00000,0x00000000ebe9b368,0x00000000ec2c0000)
Event: 19.745 GC heap after
Heap after GC invocations=5 (full 0):
 PSYoungGen      total 13120K, used 1851K [0x00000000faab0000, 0x00000000fcd30000, 0x0000000100000000)
  eden space 11264K, 0% used [0x00000000faab0000,0x00000000faab0000,0x00000000fb5b0000)
  from space 1856K, 99% used [0x00000000fb5b0000,0x00000000fb77efa8,0x00000000fb780000)
  to   space 6400K, 0% used [0x00000000fc6f0000,0x00000000fc6f0000,0x00000000fcd30000)
 ParOldGen       total 30016K, used 13571K [0x00000000f0000000, 0x00000000f1d50000, 0x00000000faab0000)
  object space 30016K, 45% used [0x00000000f0000000,0x00000000f0d40da0,0x00000000f1d50000)
 PSPermGen       total 21248K, used 17004K [0x00000000eae00000, 0x00000000ec2c0000, 0x00000000f0000000)
  object space 21248K, 80% used [0x00000000eae00000,0x00000000ebe9b368,0x00000000ec2c0000)
}
Event: 20.316 GC heap before
{Heap before GC invocations=6 (full 0):
 PSYoungGen      total 13120K, used 13115K [0x00000000faab0000, 0x00000000fcd30000, 0x0000000100000000)
  eden space 11264K, 100% used [0x00000000faab0000,0x00000000fb5b0000,0x00000000fb5b0000)
  from space 1856K, 99% used [0x00000000fb5b0000,0x00000000fb77efa8,0x00000000fb780000)
  to   space 6400K, 0% used [0x00000000fc6f0000,0x00000000fc6f0000,0x00000000fcd30000)
 ParOldGen       total 30016K, used 13571K [0x00000000f0000000, 0x00000000f1d50000, 0x00000000faab0000)
  object space 30016K, 45% used [0x00000000f0000000,0x00000000f0d40da0,0x00000000f1d50000)
 PSPermGen       total 21248K, used 17008K [0x00000000eae00000, 0x00000000ec2c0000, 0x00000000f0000000)
  object space 21248K, 80% used [0x00000000eae00000,0x00000000ebe9c3d8,0x00000000ec2c0000)
Event: 20.333 GC heap after
Heap after GC invocations=6 (full 0):
 PSYoungGen      total 28800K, used 4891K [0x00000000faab0000, 0x00000000fcd10000, 0x0000000100000000)
  eden space 22528K, 0% used [0x00000000faab0000,0x00000000faab0000,0x00000000fc0b0000)
  from space 6272K, 77% used [0x00000000fc6f0000,0x00000000fcbb6e48,0x00000000fcd10000)
  to   space 6336K, 0% used [0x00000000fc0b0000,0x00000000fc0b0000,0x00000000fc6e0000)
 ParOldGen       total 30016K, used 13571K [0x00000000f0000000, 0x00000000f1d50000, 0x00000000faab0000)
  object space 30016K, 45% used [0x00000000f0000000,0x00000000f0d40da0,0x00000000f1d50000)
 PSPermGen       total 21248K, used 17008K [0x00000000eae00000, 0x00000000ec2c0000, 0x00000000f0000000)
  object space 21248K, 80% used [0x00000000eae00000,0x00000000ebe9c3d8,0x00000000ec2c0000)
}
Event: 23.846 GC heap before
{Heap before GC invocations=7 (full 0):
 PSYoungGen      total 28800K, used 27419K [0x00000000faab0000, 0x00000000fcd10000, 0x0000000100000000)
  eden space 22528K, 100% used [0x00000000faab0000,0x00000000fc0b0000,0x00000000fc0b0000)
  from space 6272K, 77% used [0x00000000fc6f0000,0x00000000fcbb6e48,0x00000000fcd10000)
  to   space 6336K, 0% used [0x00000000fc0b0000,0x00000000fc0b0000,0x00000000fc6e0000)
 ParOldGen       total 30016K, used 13571K [0x00000000f0000000, 0x00000000f1d50000, 0x00000000faab0000)
  object space 30016K, 45% used [0x00000000f0000000,0x00000000f0d40da0,0x00000000f1d50000)
 PSPermGen       total 21248K, used 17052K [0x00000000eae00000, 0x00000000ec2c0000, 0x00000000f0000000)
  object space 21248K, 80% used [0x00000000eae00000,0x00000000ebea71c8,0x00000000ec2c0000)
Event: 23.878 GC heap after
Heap after GC invocations=7 (full 0):
 PSYoungGen      total 28864K, used 6325K [0x00000000faab0000, 0x00000000fe850000, 0x0000000100000000)
  eden space 22528K, 0% used [0x00000000faab0000,0x00000000faab0000,0x00000000fc0b0000)
  from space 6336K, 99% used [0x00000000fc0b0000,0x00000000fc6dd6d8,0x00000000fc6e0000)
  to   space 9024K, 0% used [0x00000000fdf80000,0x00000000fdf80000,0x00000000fe850000)
 ParOldGen       total 30016K, used 17741K [0x00000000f0000000, 0x00000000f1d50000, 0x00000000faab0000)
  object space 30016K, 59% used [0x00000000f0000000,0x00000000f1153750,0x00000000f1d50000)
 PSPermGen       total 21248K, used 17052K [0x00000000eae00000, 0x00000000ec2c0000, 0x00000000f0000000)
  object space 21248K, 80% used [0x00000000eae00000,0x00000000ebea71c8,0x00000000ec2c0000)
}

